Using pre-set license
Built from '2021.3/china_unity/release' branch; Version is '2021.3.4f1c1 (64682593795a) revision 6580261'; Using compiler version '192829333'; Build Type 'Release'
OS: 'Windows 10  (10.0.19044) 64bit Professional' Language: 'zh' Physical Memory: 32607 MB
BatchMode: 1, IsHumanControllingUs: 0, StartBugReporterOnCrash: 0, Is64bit: 1, IsPro: 1

COMMAND LINE ARGUMENTS:
D:\Unity\2021.3.4f1c1\Editor\Unity.exe
-adb2
-batchMode
-noUpm
-name
AssetImportWorker2
-projectPath
E:/UNITY/Terminal
-logFile
Logs/AssetImportWorker2.log
-srvPort
2607
Successfully changed project path to: E:/UNITY/Terminal
E:/UNITY/Terminal
[UnityMemory] Configuration Parameters - Can be set up in boot.config
    "memorysetup-bucket-allocator-granularity=16"
    "memorysetup-bucket-allocator-bucket-count=8"
    "memorysetup-bucket-allocator-block-size=33554432"
    "memorysetup-bucket-allocator-block-count=8"
    "memorysetup-main-allocator-block-size=16777216"
    "memorysetup-thread-allocator-block-size=16777216"
    "memorysetup-gfx-main-allocator-block-size=16777216"
    "memorysetup-gfx-thread-allocator-block-size=16777216"
    "memorysetup-cache-allocator-block-size=4194304"
    "memorysetup-typetree-allocator-block-size=2097152"
    "memorysetup-profiler-bucket-allocator-granularity=16"
    "memorysetup-profiler-bucket-allocator-bucket-count=8"
    "memorysetup-profiler-bucket-allocator-block-size=33554432"
    "memorysetup-profiler-bucket-allocator-block-count=8"
    "memorysetup-profiler-allocator-block-size=16777216"
    "memorysetup-profiler-editor-allocator-block-size=1048576"
    "memorysetup-temp-allocator-size-main=16777216"
    "memorysetup-job-temp-allocator-block-size=2097152"
    "memorysetup-job-temp-allocator-block-size-background=1048576"
    "memorysetup-job-temp-allocator-reduction-small-platforms=262144"
    "memorysetup-temp-allocator-size-background-worker=32768"
    "memorysetup-temp-allocator-size-job-worker=262144"
    "memorysetup-temp-allocator-size-preload-manager=33554432"
    "memorysetup-temp-allocator-size-nav-mesh-worker=65536"
    "memorysetup-temp-allocator-size-audio-worker=65536"
    "memorysetup-temp-allocator-size-cloud-worker=32768"
    "memorysetup-temp-allocator-size-gi-baking-worker=262144"
    "memorysetup-temp-allocator-size-gfx=262144"
AS: AutoStreaming module initializing.
Refreshing native plugins compatible for Editor in 95.65 ms, found 2 plugins.
Preloading 0 native plugins for Editor in 0.00 ms.
Initialize engine version: 2021.3.4f1c1 (64682593795a)
[Subsystems] Discovering subsystems at path D:/Unity/2021.3.4f1c1/Editor/Data/Resources/UnitySubsystems
[Subsystems] Discovering subsystems at path E:/UNITY/Terminal/Assets
GfxDevice: creating device client; threaded=0; jobified=0
Direct3D:
    Version:  Direct3D 11.0 [level 11.1]
    Renderer: NVIDIA GeForce GTX 1660 (ID=0x2184)
    Vendor:   NVIDIA
    VRAM:     5991 MB
    Driver:   31.0.15.1640
Initialize mono
Mono path[0] = 'D:/Unity/2021.3.4f1c1/Editor/Data/Managed'
Mono path[1] = 'D:/Unity/2021.3.4f1c1/Editor/Data/MonoBleedingEdge/lib/mono/unityjit-win32'
Mono config path = 'D:/Unity/2021.3.4f1c1/Editor/Data/MonoBleedingEdge/etc'
Using monoOptions --debugger-agent=transport=dt_socket,embedding=1,server=y,suspend=n,address=127.0.0.1:56524
Begin MonoManager ReloadAssembly
Registering precompiled unity dll's ...
Register platform support module: D:/Unity/2021.3.4f1c1/Editor/Data/PlaybackEngines/AndroidPlayer/UnityEditor.Android.Extensions.dll
Register platform support module: D:/Unity/2021.3.4f1c1/Editor/Data/PlaybackEngines/WindowsStandaloneSupport/UnityEditor.WindowsStandalone.Extensions.dll
Registered in 0.004861 seconds.
Native extension for WindowsStandalone target not found
Native extension for Android target not found
Refreshing native plugins compatible for Editor in 89.50 ms, found 2 plugins.
Preloading 0 native plugins for Editor in 0.00 ms.
Mono: successfully reloaded assembly
- Completed reload, in  0.910 seconds
Domain Reload Profiling:
	ReloadAssembly (910ms)
		BeginReloadAssembly (104ms)
			ExecutionOrderSort (0ms)
			DisableScriptedObjects (0ms)
			BackupInstance (0ms)
			ReleaseScriptingObjects (0ms)
			CreateAndSetChildDomain (1ms)
		EndReloadAssembly (647ms)
			LoadAssemblies (100ms)
			RebuildTransferFunctionScriptingTraits (0ms)
			SetupTypeCache (147ms)
			ReleaseScriptCaches (0ms)
			RebuildScriptCaches (47ms)
			SetupLoadedEditorAssemblies (377ms)
				LogAssemblyErrors (0ms)
				InitializePlatformSupportModulesInManaged (74ms)
				SetLoadedEditorAssemblies (0ms)
				RefreshPlugins (90ms)
				BeforeProcessingInitializeOnLoad (2ms)
				ProcessInitializeOnLoadAttributes (146ms)
				ProcessInitializeOnLoadMethodAttributes (65ms)
				AfterProcessingInitializeOnLoad (0ms)
				EditorAssembliesLoaded (0ms)
			ExecutionOrderSort2 (0ms)
			AwakeInstancesAfterBackupRestoration (0ms)
Platform modules already initialized, skipping
Registering precompiled user dll's ...
Registered in 0.014978 seconds.
Begin MonoManager ReloadAssembly
Native extension for WindowsStandalone target not found
Native extension for Android target not found
Refreshing native plugins compatible for Editor in 93.28 ms, found 2 plugins.
Preloading 0 native plugins for Editor in 0.00 ms.
Package Manager log level set to [2]
Mono: successfully reloaded assembly
- Completed reload, in  2.038 seconds
Domain Reload Profiling:
	ReloadAssembly (2040ms)
		BeginReloadAssembly (260ms)
			ExecutionOrderSort (0ms)
			DisableScriptedObjects (9ms)
			BackupInstance (0ms)
			ReleaseScriptingObjects (0ms)
			CreateAndSetChildDomain (127ms)
		EndReloadAssembly (1615ms)
			LoadAssemblies (132ms)
			RebuildTransferFunctionScriptingTraits (0ms)
			SetupTypeCache (353ms)
			ReleaseScriptCaches (1ms)
			RebuildScriptCaches (85ms)
			SetupLoadedEditorAssemblies (975ms)
				LogAssemblyErrors (0ms)
				InitializePlatformSupportModulesInManaged (18ms)
				SetLoadedEditorAssemblies (0ms)
				RefreshPlugins (93ms)
				BeforeProcessingInitializeOnLoad (152ms)
				ProcessInitializeOnLoadAttributes (444ms)
				ProcessInitializeOnLoadMethodAttributes (255ms)
				AfterProcessingInitializeOnLoad (11ms)
				EditorAssembliesLoaded (0ms)
			ExecutionOrderSort2 (0ms)
			AwakeInstancesAfterBackupRestoration (8ms)
Platform modules already initialized, skipping
========================================================================
Worker process is ready to serve import requests
Launched and connected shader compiler UnityShaderCompiler.exe after 0.06 seconds
Refreshing native plugins compatible for Editor in 1.22 ms, found 2 plugins.
Preloading 0 native plugins for Editor in 0.00 ms.
Unloading 4642 Unused Serialized files (Serialized files now loaded: 0)
Unloading 66 unused Assets / (1.1 MB). Loaded Objects now: 5085.
Memory consumption went from 200.3 MB to 199.2 MB.
Total: 9.243200 ms (FindLiveObjects: 0.463100 ms CreateObjectMapping: 0.284300 ms MarkObjects: 7.969300 ms  DeleteObjects: 0.525400 ms)

AssetImportParameters requested are different than current active one (requested -> active):
  custom:video-decoder-ogg-theora: a1e56fd34408186e4bbccfd4996cb3dc -> 
  custom:container-muxer-webm: aa71ff27fc2769a1b78a27578f13a17b -> 
  custom:container-demuxer-webm: 4f35f7cbe854078d1ac9338744f61a02 -> 
  custom:video-encoder-webm-vp8: eb34c28f22e8b96e1ab97ce403110664 -> 
  custom:video-codec-MediaFoundation-h265: e54d7ab0439102e2317fc1e4b246158d -> 
  custom:audio-encoder-webm-vorbis: bf7c407c2cedff20999df2af8eb42d56 -> 
  custom:framework-win-MediaFoundation: 216162199b28c13a410421893ffa2e32 -> 
  custom:container-demuxer-ogg: 62fdf1f143b41e24485cea50d1cbac27 -> 
  custom:video-decoder-webm-vp8: 9c59270c3fd7afecdb556c50c9e8de78 -> 
  custom:audio-decoder-ogg-vorbis: bf7c407c2cedff20999df2af8eb42d56 -> 
========================================================================
Received Import Request.
  Time since last request: 3668.624947 seconds.
  path: Assets/SpaceSkies Free/Skybox_1/Textures/4K_Resolution/Front_4K_TEX.png
  artifactKey: Guid(2294659746b7dc74a9bd4b40fbbf13f1) Importer(815301076,1909f56bfc062723c751e8b465ee728b)
Start importing Assets/SpaceSkies Free/Skybox_1/Textures/4K_Resolution/Front_4K_TEX.png using Guid(2294659746b7dc74a9bd4b40fbbf13f1) Importer(815301076,1909f56bfc062723c751e8b465ee728b)  -> (artifact id: 'a7d79bad42a312a1c66bfe98c25a9355') in 0.101279 seconds 
========================================================================
Received Import Request.
  Time since last request: 0.000023 seconds.
  path: Assets/SpaceSkies Free/Skybox_1/Textures/4K_Resolution/Left_4K_TEX.png
  artifactKey: Guid(0df7cac303be5da4b8a48d3fef142f03) Importer(815301076,1909f56bfc062723c751e8b465ee728b)
Start importing Assets/SpaceSkies Free/Skybox_1/Textures/4K_Resolution/Left_4K_TEX.png using Guid(0df7cac303be5da4b8a48d3fef142f03) Importer(815301076,1909f56bfc062723c751e8b465ee728b)  -> (artifact id: 'df5b988577002cb5674dbd510fcf150d') in 0.019123 seconds 
========================================================================
Received Import Request.
  Time since last request: 0.000024 seconds.
  path: Assets/SpaceSkies Free/Skybox_1/Textures/4K_Resolution/Right_4K_TEX.png
  artifactKey: Guid(985fa1ea9fecfaf469918bae7e557416) Importer(815301076,1909f56bfc062723c751e8b465ee728b)
Start importing Assets/SpaceSkies Free/Skybox_1/Textures/4K_Resolution/Right_4K_TEX.png using Guid(985fa1ea9fecfaf469918bae7e557416) Importer(815301076,1909f56bfc062723c751e8b465ee728b)  -> (artifact id: '37ec958e81a0c9bae8f62d12eae1913d') in 0.013149 seconds 
========================================================================
Received Import Request.
  Time since last request: 32.207752 seconds.
  path: Assets/SpaceSkies Free/Skybox_1/Textures/1K_Resolution/Front_1K_TEX.png
  artifactKey: Guid(94cdbf28af4a2b942b032dd0a5d91221) Importer(815301076,1909f56bfc062723c751e8b465ee728b)
Start importing Assets/SpaceSkies Free/Skybox_1/Textures/1K_Resolution/Front_1K_TEX.png using Guid(94cdbf28af4a2b942b032dd0a5d91221) Importer(815301076,1909f56bfc062723c751e8b465ee728b)  -> (artifact id: '3e359b2497eb0f47eaa2f825555bc3d3') in 0.012880 seconds 
========================================================================
Received Import Request.
  Time since last request: 0.000022 seconds.
  path: Assets/SpaceSkies Free/Skybox_1/Textures/1K_Resolution/Right_1K_TEX.png
  artifactKey: Guid(41f70e70af801c8479aa11cebd1babde) Importer(815301076,1909f56bfc062723c751e8b465ee728b)
Start importing Assets/SpaceSkies Free/Skybox_1/Textures/1K_Resolution/Right_1K_TEX.png using Guid(41f70e70af801c8479aa11cebd1babde) Importer(815301076,1909f56bfc062723c751e8b465ee728b)  -> (artifact id: 'a69e9c390ee621c4189099275c0e9148') in 0.013902 seconds 
========================================================================
Received Import Request.
  Time since last request: 0.000023 seconds.
  path: Assets/SpaceSkies Free/Skybox_1/Textures/1K_Resolution/Down_1K_TEX.png
  artifactKey: Guid(e6304ed6970a3cf4c833dabb80ee8d29) Importer(815301076,1909f56bfc062723c751e8b465ee728b)
Start importing Assets/SpaceSkies Free/Skybox_1/Textures/1K_Resolution/Down_1K_TEX.png using Guid(e6304ed6970a3cf4c833dabb80ee8d29) Importer(815301076,1909f56bfc062723c751e8b465ee728b)  -> (artifact id: 'c02ab61544abbd11b00e36952975ba85') in 0.011546 seconds 
========================================================================
Received Import Request.
  Time since last request: 0.523950 seconds.
  path: Assets/SpaceSkies Free/Skybox_1/Textures
  artifactKey: Guid(02cf5c3336924bf4bbeb6152a0d8da8b) Importer(815301076,1909f56bfc062723c751e8b465ee728b)
Start importing Assets/SpaceSkies Free/Skybox_1/Textures using Guid(02cf5c3336924bf4bbeb6152a0d8da8b) Importer(815301076,1909f56bfc062723c751e8b465ee728b)  -> (artifact id: '01c71589a1bd483de4b7a6f2a874f149') in 0.002478 seconds 
========================================================================
Received Import Request.
  Time since last request: 0.849009 seconds.
  path: Assets/SpaceSkies Free/Skybox_1/Textures/2K_Resolution
  artifactKey: Guid(e3cb4c025ab640f479fc15ed30fda7b5) Importer(815301076,1909f56bfc062723c751e8b465ee728b)
Start importing Assets/SpaceSkies Free/Skybox_1/Textures/2K_Resolution using Guid(e3cb4c025ab640f479fc15ed30fda7b5) Importer(815301076,1909f56bfc062723c751e8b465ee728b)  -> (artifact id: 'aedee1d877597448ffd522bba8232c33') in 0.001512 seconds 
========================================================================
Received Import Request.
  Time since last request: 0.070427 seconds.
  path: Assets/SpaceSkies Free/Skybox_1/Textures/2K_Resolution/Back_2K_TEX.png
  artifactKey: Guid(20e38473ff639ed429d08288b1db43c8) Importer(815301076,1909f56bfc062723c751e8b465ee728b)
Start importing Assets/SpaceSkies Free/Skybox_1/Textures/2K_Resolution/Back_2K_TEX.png using Guid(20e38473ff639ed429d08288b1db43c8) Importer(815301076,1909f56bfc062723c751e8b465ee728b)  -> (artifact id: '655033c40d326bb19519d68b6619cd1d') in 0.015493 seconds 
========================================================================
Received Import Request.
  Time since last request: 0.000022 seconds.
  path: Assets/SpaceSkies Free/Skybox_1/Textures/2K_Resolution/Up_2K_TEX.png
  artifactKey: Guid(a096daa9a788d7342892ce655a940dba) Importer(815301076,1909f56bfc062723c751e8b465ee728b)
Start importing Assets/SpaceSkies Free/Skybox_1/Textures/2K_Resolution/Up_2K_TEX.png using Guid(a096daa9a788d7342892ce655a940dba) Importer(815301076,1909f56bfc062723c751e8b465ee728b)  -> (artifact id: '79ba4c47a21bd932e517b902fef2f12f') in 0.015437 seconds 
========================================================================
Received Import Request.
  Time since last request: 40.690150 seconds.
  path: Assets/SpaceSkies Free/Skybox_2
  artifactKey: Guid(ec745b7dca4e6f348a76ecdfd0addcd0) Importer(815301076,1909f56bfc062723c751e8b465ee728b)
Start importing Assets/SpaceSkies Free/Skybox_2 using Guid(ec745b7dca4e6f348a76ecdfd0addcd0) Importer(815301076,1909f56bfc062723c751e8b465ee728b)  -> (artifact id: '7aa347cde826701497d60ae2c32d47de') in 0.001659 seconds 
========================================================================
Received Import Request.
  Time since last request: 0.050126 seconds.
  path: Assets/SpaceSkies Free/Skybox_2/Green_1K_Resolution.mat
  artifactKey: Guid(7532f699e134c3547b373487f6b4d57f) Importer(815301076,1909f56bfc062723c751e8b465ee728b)
Start importing Assets/SpaceSkies Free/Skybox_2/Green_1K_Resolution.mat using Guid(7532f699e134c3547b373487f6b4d57f) Importer(815301076,1909f56bfc062723c751e8b465ee728b)  -> (artifact id: 'ff98a6381f14ab38009d269d56a3d445') in 0.269548 seconds 
========================================================================
Received Import Request.
  Time since last request: 3.287026 seconds.
  path: Assets/SpaceSkies Free/Skybox_3
  artifactKey: Guid(da48edec3727e0348984027af04fd4ff) Importer(815301076,1909f56bfc062723c751e8b465ee728b)
Start importing Assets/SpaceSkies Free/Skybox_3 using Guid(da48edec3727e0348984027af04fd4ff) Importer(815301076,1909f56bfc062723c751e8b465ee728b)  -> (artifact id: '466aea21260bd04c446fb45b69063c36') in 0.001520 seconds 
========================================================================
Received Import Request.
  Time since last request: 0.973418 seconds.
  path: Assets/SpaceSkies Free/Skybox_3/Purple_1K_Resolution.mat
  artifactKey: Guid(697dcc1a69e1a2c4ea5db483875ede85) Importer(815301076,1909f56bfc062723c751e8b465ee728b)
Start importing Assets/SpaceSkies Free/Skybox_3/Purple_1K_Resolution.mat using Guid(697dcc1a69e1a2c4ea5db483875ede85) Importer(815301076,1909f56bfc062723c751e8b465ee728b)  -> (artifact id: '7dd51015b257bf276400b841cc99552f') in 0.022456 seconds 
========================================================================
Received Import Request.
  Time since last request: 1.238380 seconds.
  path: Assets/SpaceSkies Free/Skybox_3/Textures/4K_Resolution/Front_4K_TEX.png
  artifactKey: Guid(00f1123b0b858d44cb5eb000321c86e3) Importer(815301076,1909f56bfc062723c751e8b465ee728b)
Start importing Assets/SpaceSkies Free/Skybox_3/Textures/4K_Resolution/Front_4K_TEX.png using Guid(00f1123b0b858d44cb5eb000321c86e3) Importer(815301076,1909f56bfc062723c751e8b465ee728b)  -> (artifact id: 'd88bbfe9d795de452d0cde223be5946a') in 0.043542 seconds 
Editor requested this worker to shutdown with reason: Scaling down because of idle timeout
AssetImportWorker is now disconnected from the server
Process exiting
Exiting without the bug reporter. Application will terminate with return code 0